rxandretrofit/build/outputs/logs/manifest-merger-debug-report.txt
-- Merging decision tree log ---
manifest
ADDED from src\main\AndroidManifest.xml:2:1-62:12
	package
		ADDED from src\main\AndroidManifest.xml:3:11-49
		INJECTED from src\main\AndroidManifest.xml
		INJECTED from src\main\AndroidManifest.xml
	android:versionName
		INJECTED from src\main\AndroidManifest.xml
		INJECTED from src\main\AndroidManifest.xml
	xmlns:android
		ADDED from src\main\AndroidManifest.xml:2:11-69
	android:versionCode
		INJECTED from src\main\AndroidManifest.xml
		INJECTED from src\main\AndroidManifest.xml
uses-permission#android.permission.INTERNET
ADDED from src\main\AndroidManifest.xml:4:5-66
	android:name
		ADDED from src\main\AndroidManifest.xml:4:22-64
uses-permission#android.permission.WRITE_EXTERNAL_STORAGE
ADDED from src\main\AndroidManifest.xml:5:5-81
	android:name
		ADDED from src\main\AndroidManifest.xml:5:22-78
uses-permission#android.permission.RECEIVE_BOOT_COMPLETED
ADDED from src\main\AndroidManifest.xml:6:5-81
	android:name
		ADDED from src\main\AndroidManifest.xml:6:22-78
uses-permission#android.permission.MOUNT_UNMOUNT_FILESYSTEMS
ADDED from src\main\AndroidManifest.xml:7:5-84
	android:name
		ADDED from src\main\AndroidManifest.xml:7:22-81
uses-permission#android.permission.GET_TASKS
ADDED from src\main\AndroidManifest.xml:8:5-68
	android:name
		ADDED from src\main\AndroidManifest.xml:8:22-65
uses-permission#android.permission.ACCESS_WIFI_STATE
ADDED from src\main\AndroidManifest.xml:9:5-76
	android:name
		ADDED from src\main\AndroidManifest.xml:9:22-73
uses-permission#android.permission.ACCESS_NETWORK_STATE
ADDED from src\main\AndroidManifest.xml:10:5-79
	android:name
		ADDED from src\main\AndroidManifest.xml:10:22-76
uses-permission#android.intent.action.ACTION_SHUTDOWN
ADDED from src\main\AndroidManifest.xml:11:5-77
	android:name
		ADDED from src\main\AndroidManifest.xml:11:22-74
uses-permission#android.permission.WRITE_SETTINGS
ADDED from src\main\AndroidManifest.xml:12:5-73
	android:name
		ADDED from src\main\AndroidManifest.xml:12:22-70
uses-permission#android.permission.WRITE_SECURES
ADDED from src\main\AndroidManifest.xml:13:5-72
	android:name
		ADDED from src\main\AndroidManifest.xml:13:22-69
uses-permission#android.permission.CHANGE_CONFIGURATION
ADDED from src\main\AndroidManifest.xml:14:5-79
	android:name
		ADDED from src\main\AndroidManifest.xml:14:22-76
uses-permission#android.permission.VIBRATE
ADDED from src\main\AndroidManifest.xml:15:5-66
	android:name
		ADDED from src\main\AndroidManifest.xml:15:22-63
uses-permission#android.permission.BLUETOOTH
ADDED from src\main\AndroidManifest.xml:16:5-68
	android:name
		ADDED from src\main\AndroidManifest.xml:16:22-65
uses-permission#android.permission.BLUETOOTH_ADMIN
ADDED from src\main\AndroidManifest.xml:17:5-74
	android:name
		ADDED from src\main\AndroidManifest.xml:17:22-71
uses-permission#android.permission.CALL_PHONE
ADDED from src\main\AndroidManifest.xml:18:5-69
	android:name
		ADDED from src\main\AndroidManifest.xml:18:22-66
uses-permission#android.permission.MODIFY_AUDIO_SETTINGS
ADDED from src\main\AndroidManifest.xml:19:5-80
	android:name
		ADDED from src\main\AndroidManifest.xml:19:22-77
uses-permission#android.permission.USE_CREDENTIALS
ADDED from src\main\AndroidManifest.xml:20:5-74
	android:name
		ADDED from src\main\AndroidManifest.xml:20:22-71
uses-permission#com.google.android.googleapps.permission.GOOGLE_AUTH
ADDED from src\main\AndroidManifest.xml:21:5-92
	android:name
		ADDED from src\main\AndroidManifest.xml:21:22-89
uses-permission#android.permission.ACCESS_DOWNLOAD_MANAGER
ADDED from src\main\AndroidManifest.xml:22:5-82
	android:name
		ADDED from src\main\AndroidManifest.xml:22:22-79
uses-permission#android.permission.READ_CONTACTS
ADDED from src\main\AndroidManifest.xml:23:5-72
	android:name
		ADDED from src\main\AndroidManifest.xml:23:22-69
uses-permission#android.permission.WRITE_CONTACTS
ADDED from src\main\AndroidManifest.xml:24:5-73
	android:name
		ADDED from src\main\AndroidManifest.xml:24:22-70
uses-permission#android.permission.CHANGE_WIFI_STATE
ADDED from src\main\AndroidManifest.xml:25:5-76
	android:name
		ADDED from src\main\AndroidManifest.xml:25:22-73
uses-permission#android.permission.READ_PHONE_STATE
ADDED from src\main\AndroidManifest.xml:27:5-75
	android:name
		ADDED from src\main\AndroidManifest.xml:27:22-72
uses-permission#android.permission.ACCESS_COARSE_LOCATION
ADDED from src\main\AndroidManifest.xml:28:5-81
	android:name
		ADDED from src\main\AndroidManifest.xml:28:22-78
uses-permission#android.permission.READ_USER_DICTIONARY
ADDED from src\main\AndroidManifest.xml:29:5-79
	android:name
		ADDED from src\main\AndroidManifest.xml:29:22-76
uses-permission#android.permission.WRITE_USER_DICTIONARY
ADDED from src\main\AndroidManifest.xml:30:5-80
	android:name
		ADDED from src\main\AndroidManifest.xml:30:22-77
uses-permission#android.permission.RESTART_PACKAGES
ADDED from src\main\AndroidManifest.xml:31:5-75
	android:name
		ADDED from src\main\AndroidManifest.xml:31:22-72
uses-permission#android.permission.BATTERY_STATS
ADDED from src\main\AndroidManifest.xml:32:5-72
	android:name
		ADDED from src\main\AndroidManifest.xml:32:22-69
uses-permission#com.android.launcher.permission.READ_SETTINGS
ADDED from src\main\AndroidManifest.xml:33:5-85
	android:name
		ADDED from src\main\AndroidManifest.xml:33:22-82
uses-permission#com.android.launcher.permission.WRITE_SETTINGS
ADDED from src\main\AndroidManifest.xml:34:5-86
	android:name
		ADDED from src\main\AndroidManifest.xml:34:22-83
uses-permission#android.permission.SET_TIME_ZONE
ADDED from src\main\AndroidManifest.xml:35:5-72
	android:name
		ADDED from src\main\AndroidManifest.xml:35:22-69
uses-permission#android.permission.SET_ANIMATION_SCALE
ADDED from src\main\AndroidManifest.xml:36:5-78
	android:name
		ADDED from src\main\AndroidManifest.xml:36:22-75
uses-permission#android.permission.BROADCAST_STICKY
ADDED from src\main\AndroidManifest.xml:37:5-75
	android:name
		ADDED from src\main\AndroidManifest.xml:37:22-72
uses-permission#android.permission.ACCESS_DOWNLOAD_MANAGER_ADVANCED
ADDED from src\main\AndroidManifest.xml:38:5-91
	android:name
		ADDED from src\main\AndroidManifest.xml:38:22-88
uses-permission#android.permission.ACCESS_FINE_LOCATION
ADDED from src\main\AndroidManifest.xml:39:5-79
	android:name
		ADDED from src\main\AndroidManifest.xml:39:22-76
uses-permission#com.android.launcher.permission.INSTALL_SHORTCUT
ADDED from src\main\AndroidManifest.xml:40:5-88
	android:name
		ADDED from src\main\AndroidManifest.xml:40:22-85
uses-permission#android.permission.SET_WALLPAPER
ADDED from src\main\AndroidManifest.xml:41:5-72
	android:name
		ADDED from src\main\AndroidManifest.xml:41:22-69
uses-permission#android.permission.WAKE_LOCK
ADDED from src\main\AndroidManifest.xml:42:5-68
	android:name
		ADDED from src\main\AndroidManifest.xml:42:22-65
uses-permission#android.permission.READ_EXTERNAL_STORAGE
ADDED from src\main\AndroidManifest.xml:43:5-80
	android:name
		ADDED from src\main\AndroidManifest.xml:43:22-77
uses-permission#android.permission.ACCESS_DRM
ADDED from src\main\AndroidManifest.xml:44:5-69
	android:name
		ADDED from src\main\AndroidManifest.xml:44:22-66
uses-permission#android.permission.SEND_DOWNLOAD_COMPLETED_INTENTS
ADDED from src\main\AndroidManifest.xml:45:5-90
	android:name
		ADDED from src\main\AndroidManifest.xml:45:22-87
uses-permission#android.permission.INSTALL_DRM
ADDED from src\main\AndroidManifest.xml:46:5-70
	android:name
		ADDED from src\main\AndroidManifest.xml:46:22-67
uses-permission#android.permission.DOWNLOAD_WITHOUT_NOTIFICATION
ADDED from src\main\AndroidManifest.xml:47:5-88
	android:name
		ADDED from src\main\AndroidManifest.xml:47:22-85
uses-permission#android.permission.MOUNT_UNMOUNT_FILESYSTEM
ADDED from src\main\AndroidManifest.xml:48:5-83
	android:name
		ADDED from src\main\AndroidManifest.xml:48:22-80
uses-permission#android.permission.INSTLL_PACKAGES
ADDED from src\main\AndroidManifest.xml:49:5-74
	android:name
		ADDED from src\main\AndroidManifest.xml:49:22-71
application
ADDED from src\main\AndroidManifest.xml:51:5-60:19
MERGED from [com.android.support:appcompat-v7:25.0.1] AndroidManifest.xml:25:5-20
MERGED from [com.android.support:support-v4:25.0.1] AndroidManifest.xml:25:5-20
MERGED from [com.android.support:support-fragment:25.0.1] AndroidManifest.xml:25:5-20
MERGED from [com.android.support:support-media-compat:25.0.1] AndroidManifest.xml:25:5-20
MERGED from [com.android.support:support-core-ui:25.0.1] AndroidManifest.xml:25:5-20
MERGED from [com.android.support:support-core-utils:25.0.1] AndroidManifest.xml:25:5-20
MERGED from [com.android.support:animated-vector-drawable:25.0.1] AndroidManifest.xml:22:5-20
MERGED from [com.android.support:support-vector-drawable:25.0.1] AndroidManifest.xml:23:5-20
MERGED from [com.android.support:support-compat:25.0.1] AndroidManifest.xml:25:5-20
	android:label
		ADDED from src\main\AndroidManifest.xml:54:9-41
	android:supportsRtl
		ADDED from src\main\AndroidManifest.xml:55:9-35
	android:allowBackup
		ADDED from src\main\AndroidManifest.xml:52:9-35
	android:icon
		ADDED from src\main\AndroidManifest.xml:53:9-43
	android:theme
		ADDED from src\main\AndroidManifest.xml:56:9-40
activity#com.shanlovana.rxandretrofit.MainActivity
ADDED from src\main\AndroidManifest.xml:57:9-59:20
	android:name
		ADDED from src\main\AndroidManifest.xml:57:19-47
uses-sdk
INJECTED from src\main\AndroidManifest.xml reason: use-sdk injection requested
MERGED from [com.android.support:appcompat-v7:25.0.1] AndroidManifest.xml:21:5-23:78
MERGED from [com.android.support:support-v4:25.0.1] AndroidManifest.xml:21:5-23:54
MERGED from [com.android.support:support-fragment:25.0.1] AndroidManifest.xml:21:5-23:60
MERGED from [com.android.support:support-media-compat:25.0.1] AndroidManifest.xml:21:5-23:63
MERGED from [com.android.support:support-core-ui:25.0.1] AndroidManifest.xml:21:5-23:58
MERGED from [com.android.support:support-core-utils:25.0.1] AndroidManifest.xml:21:5-23:61
MERGED from [com.android.support:animated-vector-drawable:25.0.1] AndroidManifest.xml:20:5-44
MERGED from [com.android.support:support-vector-drawable:25.0.1] AndroidManifest.xml:21:5-43
MERGED from [com.android.support:support-compat:25.0.1] AndroidManifest.xml:21:5-23:58
MERGED from [io.reactivex:rxandroid:1.2.0] AndroidManifest.xml:19:5-43
	tools:overrideLibrary
		ADDED from [com.android.support:appcompat-v7:25.0.1] AndroidManifest.xml:23:9-75
	android:targetSdkVersion
		INJECTED from src\main\AndroidManifest.xml
		INJECTED from src\main\AndroidManifest.xml
	android:minSdkVersion
		INJECTED from src\main\AndroidManifest.xml
		INJECTED from src\main\AndroidManifest.xml